#
# There is insufficient memory for the Java Runtime Environment to continue.
# Native memory allocation (malloc) failed to allocate 1489168 bytes for Chunk::new
# Possible reasons:
#   The system is out of physical RAM or swap space
#   In 32 bit mode, the process size limit was hit
# Possible solutions:
#   Reduce memory load on the system
#   Increase physical memory or swap space
#   Check if swap backing store is full
#   Use 64 bit Java on a 64 bit OS
#   Decrease Java heap size (-Xmx/-Xms)
#   Decrease number of Java threads
#   Decrease Java thread stack sizes (-Xss)
#   Set larger code cache with -XX:ReservedCodeCacheSize=
# This output file may be truncated or incomplete.
#
#  Out of Memory Error (allocation.cpp:390), pid=844, tid=0x0000000000005e74
#
# JRE version: OpenJDK Runtime Environment (8.0_152-b06) (build 1.8.0_152-release-1136-b06)
# Java VM: OpenJDK 64-Bit Server VM (25.152-b06 mixed mode windows-amd64 compressed oops)
# Failed to write core dump. Minidumps are not enabled by default on client versions of Windows
#

---------------  T H R E A D  ---------------

Current thread (0x000000001615f000):  JavaThread "C2 CompilerThread0" daemon [_thread_in_native, id=24180, stack(0x0000000017dc0000,0x0000000017ec0000)]

Stack: [0x0000000017dc0000,0x0000000017ec0000]
[error occurred during error reporting (printing stack bounds), id 0xc0000005]

Native frames: (J=compiled Java code, j=interpreted, Vv=VM code, C=native code)


Current CompileTask:
C2:   2036 1725       4       java.net.URLClassLoader$1::run (5 bytes)


---------------  P R O C E S S  ---------------

Java Threads: ( => current thread )
  0x00000000189a9000 JavaThread "RMI RenewClean-[127.0.0.1:60881,org.jetbrains.kotlin.daemon.common.LoopbackNetworkInterface$ClientLoopbackSocketFactory@2c039469]" daemon [_thread_blocked, id=10320, stack(0x0000000019d40000,0x0000000019e40000)]
  0x0000000018953800 JavaThread "RMI TCP Connection(2)-127.0.0.1" daemon [_thread_in_native, id=8588, stack(0x0000000019c40000,0x0000000019d40000)]
  0x0000000018953000 JavaThread "RMI Scheduler(0)" daemon [_thread_blocked, id=6344, stack(0x0000000019b40000,0x0000000019c40000)]
  0x0000000018958000 JavaThread "RMI TCP Connection(1)-127.0.0.1" daemon [_thread_in_native, id=23900, stack(0x0000000019a40000,0x0000000019b40000)]
  0x0000000002452800 JavaThread "DestroyJavaVM" [_thread_blocked, id=8436, stack(0x0000000002340000,0x0000000002440000)]
  0x00000000188b6800 JavaThread "GC Daemon" daemon [_thread_blocked, id=9372, stack(0x0000000019600000,0x0000000019700000)]
  0x0000000018949000 JavaThread "RMI Reaper" [_thread_blocked, id=5920, stack(0x0000000019500000,0x0000000019600000)]
  0x0000000018833800 JavaThread "Timer-0" daemon [_thread_blocked, id=11448, stack(0x0000000019300000,0x0000000019400000)]
  0x0000000018719000 JavaThread "RMI TCP Accept-17746" daemon [_thread_in_native, id=23016, stack(0x0000000019200000,0x0000000019300000)]
  0x0000000018137800 JavaThread "Service Thread" daemon [_thread_blocked, id=25584, stack(0x00000000184c0000,0x00000000185c0000)]
  0x0000000016164800 JavaThread "C1 CompilerThread2" daemon [_thread_blocked, id=2116, stack(0x0000000017fc0000,0x00000000180c0000)]
  0x0000000016163800 JavaThread "C2 CompilerThread1" daemon [_thread_blocked, id=18572, stack(0x0000000017ec0000,0x0000000017fc0000)]
=>0x000000001615f000 JavaThread "C2 CompilerThread0" daemon [_thread_in_native, id=24180, stack(0x0000000017dc0000,0x0000000017ec0000)]
  0x000000001616b800 JavaThread "Attach Listener" daemon [_thread_blocked, id=4196, stack(0x0000000017cc0000,0x0000000017dc0000)]
  0x0000000016169000 JavaThread "Signal Dispatcher" daemon [_thread_blocked, id=17528, stack(0x0000000017bc0000,0x0000000017cc0000)]
  0x000000001614a800 JavaThread "Finalizer" daemon [_thread_blocked, id=14264, stack(0x00000000179d0000,0x0000000017ad0000)]
  0x0000000002548800 JavaThread "Reference Handler" daemon [_thread_blocked, id=26560, stack(0x00000000178d0000,0x00000000179d0000)]

Other Threads:
  0x0000000016125800 VMThread [stack: 0x00000000177d0000,0x00000000178d0000] [id=1080]
  0x0000000018138800 WatcherThread [stack: 0x00000000185c0000,0x00000000186c0000] [id=21836]

VM state:not at safepoint (normal execution)

VM Mutex/Monitor currently owned by a thread: None

Heap:
 PSYoungGen      total 38400K, used 23292K [0x00000000e0000000, 0x00000000e4b00000, 0x0000000100000000)
  eden space 33280K, 69% used [0x00000000e0000000,0x00000000e16bf358,0x00000000e2080000)
  from space 5120K, 0% used [0x00000000e2080000,0x00000000e2080000,0x00000000e2580000)
  to   space 5120K, 0% used [0x00000000e4600000,0x00000000e4600000,0x00000000e4b00000)
 ParOldGen       total 72192K, used 11165K [0x00000000a0000000, 0x00000000a4680000, 0x00000000e0000000)
  object space 72192K, 15% used [0x00000000a0000000,0x00000000a0ae7590,0x00000000a4680000)
 Metaspace       used 25600K, capacity 26124K, committed 26496K, reserved 1073152K
  class space    used 3263K, capacity 3442K, committed 3456K, reserved 1048576K

Card table byte_map: [0x0000000011970000,0x0000000011c80000] byte_map_base: 0x0000000011470000

Marking Bits: (ParMarkBitMap*) 0x000000006fbd5aa0
 Begin Bits: [0x0000000012480000, 0x0000000013c80000)
 End Bits:   [0x0000000013c80000, 0x0000000015480000)

Polling page: 0x0000000000b30000

CodeCache: size=245760Kb used=5838Kb max_used=5848Kb free=239921Kb
 bounds [0x00000000025b0000, 0x0000000002b70000, 0x00000000115b0000]
 total_blobs=2321 nmethods=1877 adapters=357
 compilation: enabled

Compilation events (10 events):
Event: 2.023 Thread 0x0000000016164800 1874       3       sun.reflect.ByteVectorImpl::put (27 bytes)
Event: 2.024 Thread 0x0000000016164800 nmethod 1874 0x0000000002b5e590 code [0x0000000002b5e700, 0x0000000002b5e928]
Event: 2.024 Thread 0x0000000016164800 1875       3       org.jetbrains.kotlin.gnu.trove.THashIterator::nextIndex (62 bytes)
Event: 2.024 Thread 0x0000000016164800 nmethod 1875 0x0000000002b5dd50 code [0x0000000002b5dee0, 0x0000000002b5e388]
Event: 2.030 Thread 0x0000000016164800 1876       1       org.jetbrains.kotlin.com.intellij.openapi.vfs.impl.ZipHandler::getEntryFileStamp (5 bytes)
Event: 2.030 Thread 0x0000000016164800 nmethod 1876 0x0000000002b5da90 code [0x0000000002b5dbe0, 0x0000000002b5dcf0]
Event: 2.031 Thread 0x0000000016163800 1877       4       java.lang.Object::equals (11 bytes)
Event: 2.031 Thread 0x0000000016163800 nmethod 1877 0x0000000002b50c50 code [0x0000000002b50d80, 0x0000000002b50df8]
Event: 2.031 Thread 0x0000000016164800 1878       3       java.lang.Float::isNaN (12 bytes)
Event: 2.031 Thread 0x0000000016164800 nmethod 1878 0x0000000002b60310 code [0x0000000002b60460, 0x0000000002b60610]

GC Heap History (10 events):
Event: 0.677 GC heap before
{Heap before GC invocations=1 (full 0):
 PSYoungGen      total 38400K, used 14259K [0x00000000e0000000, 0x00000000e2a80000, 0x0000000100000000)
  eden space 33280K, 42% used [0x00000000e0000000,0x00000000e0dece98,0x00000000e2080000)
  from space 5120K, 0% used [0x00000000e2580000,0x00000000e2580000,0x00000000e2a80000)
  to   space 5120K, 0% used [0x00000000e2080000,0x00000000e2080000,0x00000000e2580000)
 ParOldGen       total 87552K, used 0K [0x00000000a0000000, 0x00000000a5580000, 0x00000000e0000000)
  object space 87552K, 0% used [0x00000000a0000000,0x00000000a0000000,0x00000000a5580000)
 Metaspace       used 8938K, capacity 9046K, committed 9216K, reserved 1056768K
  class space    used 958K, capacity 1019K, committed 1024K, reserved 1048576K
Event: 0.679 GC heap after
Heap after GC invocations=1 (full 0):
 PSYoungGen      total 38400K, used 2813K [0x00000000e0000000, 0x00000000e2a80000, 0x0000000100000000)
  eden space 33280K, 0% used [0x00000000e0000000,0x00000000e0000000,0x00000000e2080000)
  from space 5120K, 54% used [0x00000000e2080000,0x00000000e233f4c0,0x00000000e2580000)
  to   space 5120K, 0% used [0x00000000e2580000,0x00000000e2580000,0x00000000e2a80000)
 ParOldGen       total 87552K, used 8K [0x00000000a0000000, 0x00000000a5580000, 0x00000000e0000000)
  object space 87552K, 0% used [0x00000000a0000000,0x00000000a0002000,0x00000000a5580000)
 Metaspace       used 8938K, capacity 9046K, committed 9216K, reserved 1056768K
  class space    used 958K, capacity 1019K, committed 1024K, reserved 1048576K
}
Event: 0.679 GC heap before
{Heap before GC invocations=2 (full 1):
 PSYoungGen      total 38400K, used 2813K [0x00000000e0000000, 0x00000000e2a80000, 0x0000000100000000)
  eden space 33280K, 0% used [0x00000000e0000000,0x00000000e0000000,0x00000000e2080000)
  from space 5120K, 54% used [0x00000000e2080000,0x00000000e233f4c0,0x00000000e2580000)
  to   space 5120K, 0% used [0x00000000e2580000,0x00000000e2580000,0x00000000e2a80000)
 ParOldGen       total 87552K, used 8K [0x00000000a0000000, 0x00000000a5580000, 0x00000000e0000000)
  object space 87552K, 0% used [0x00000000a0000000,0x00000000a0002000,0x00000000a5580000)
 Metaspace       used 8938K, capacity 9046K, committed 9216K, reserved 1056768K
  class space    used 958K, capacity 1019K, committed 1024K, reserved 1048576K
Event: 0.686 GC heap after
Heap after GC invocations=2 (full 1):
 PSYoungGen      total 38400K, used 0K [0x00000000e0000000, 0x00000000e2a80000, 0x0000000100000000)
  eden space 33280K, 0% used [0x00000000e0000000,0x00000000e0000000,0x00000000e2080000)
  from space 5120K, 0% used [0x00000000e2080000,0x00000000e2080000,0x00000000e2580000)
  to   space 5120K, 0% used [0x00000000e2580000,0x00000000e2580000,0x00000000e2a80000)
 ParOldGen       total 87552K, used 2639K [0x00000000a0000000, 0x00000000a5580000, 0x00000000e0000000)
  object space 87552K, 3% used [0x00000000a0000000,0x00000000a0293cb0,0x00000000a5580000)
 Metaspace       used 8938K, capacity 9046K, committed 9216K, reserved 1056768K
  class space    used 958K, capacity 1019K, committed 1024K, reserved 1048576K
}
Event: 1.136 GC heap before
{Heap before GC invocations=3 (full 1):
 PSYoungGen      total 38400K, used 33280K [0x00000000e0000000, 0x00000000e2a80000, 0x0000000100000000)
  eden space 33280K, 100% used [0x00000000e0000000,0x00000000e2080000,0x00000000e2080000)
  from space 5120K, 0% used [0x00000000e2080000,0x00000000e2080000,0x00000000e2580000)
  to   space 5120K, 0% used [0x00000000e2580000,0x00000000e2580000,0x00000000e2a80000)
 ParOldGen       total 87552K, used 2639K [0x00000000a0000000, 0x00000000a5580000, 0x00000000e0000000)
  object space 87552K, 3% used [0x00000000a0000000,0x00000000a0293cb0,0x00000000a5580000)
 Metaspace       used 14067K, capacity 14322K, committed 14592K, reserved 1062912K
  class space    used 1630K, capacity 1725K, committed 1792K, reserved 1048576K
Event: 1.142 GC heap after
Heap after GC invocations=3 (full 1):
 PSYoungGen      total 38400K, used 5111K [0x00000000e0000000, 0x00000000e4b00000, 0x0000000100000000)
  eden space 33280K, 0% used [0x00000000e0000000,0x00000000e0000000,0x00000000e2080000)
  from space 5120K, 99% used [0x00000000e2580000,0x00000000e2a7dee0,0x00000000e2a80000)
  to   space 5120K, 0% used [0x00000000e2080000,0x00000000e2080000,0x00000000e2580000)
 ParOldGen       total 87552K, used 5151K [0x00000000a0000000, 0x00000000a5580000, 0x00000000e0000000)
  object space 87552K, 5% used [0x00000000a0000000,0x00000000a0507c50,0x00000000a5580000)
 Metaspace       used 14067K, capacity 14322K, committed 14592K, reserved 1062912K
  class space    used 1630K, capacity 1725K, committed 1792K, reserved 1048576K
}
Event: 1.662 GC heap before
{Heap before GC invocations=4 (full 1):
 PSYoungGen      total 38400K, used 37659K [0x00000000e0000000, 0x00000000e4b00000, 0x0000000100000000)
  eden space 33280K, 97% used [0x00000000e0000000,0x00000000e1fc90b8,0x00000000e2080000)
  from space 5120K, 99% used [0x00000000e2580000,0x00000000e2a7dee0,0x00000000e2a80000)
  to   space 5120K, 0% used [0x00000000e2080000,0x00000000e2080000,0x00000000e2580000)
 ParOldGen       total 87552K, used 5151K [0x00000000a0000000, 0x00000000a5580000, 0x00000000e0000000)
  object space 87552K, 5% used [0x00000000a0000000,0x00000000a0507c50,0x00000000a5580000)
 Metaspace       used 20673K, capacity 21056K, committed 21296K, reserved 1069056K
  class space    used 2482K, capacity 2608K, committed 2688K, reserved 1048576K
Event: 1.668 GC heap after
Heap after GC invocations=4 (full 1):
 PSYoungGen      total 38400K, used 5094K [0x00000000e0000000, 0x00000000e4b00000, 0x0000000100000000)
  eden space 33280K, 0% used [0x00000000e0000000,0x00000000e0000000,0x00000000e2080000)
  from space 5120K, 99% used [0x00000000e2080000,0x00000000e2579a90,0x00000000e2580000)
  to   space 5120K, 0% used [0x00000000e4600000,0x00000000e4600000,0x00000000e4b00000)
 ParOldGen       total 87552K, used 10200K [0x00000000a0000000, 0x00000000a5580000, 0x00000000e0000000)
  object space 87552K, 11% used [0x00000000a0000000,0x00000000a09f6108,0x00000000a5580000)
 Metaspace       used 20673K, capacity 21056K, committed 21296K, reserved 1069056K
  class space    used 2482K, capacity 2608K, committed 2688K, reserved 1048576K
}
Event: 1.668 GC heap before
{Heap before GC invocations=5 (full 2):
 PSYoungGen      total 38400K, used 5094K [0x00000000e0000000, 0x00000000e4b00000, 0x0000000100000000)
  eden space 33280K, 0% used [0x00000000e0000000,0x00000000e0000000,0x00000000e2080000)
  from space 5120K, 99% used [0x00000000e2080000,0x00000000e2579a90,0x00000000e2580000)
  to   space 5120K, 0% used [0x00000000e4600000,0x00000000e4600000,0x00000000e4b00000)
 ParOldGen       total 87552K, used 10200K [0x00000000a0000000, 0x00000000a5580000, 0x00000000e0000000)
  object space 87552K, 11% used [0x00000000a0000000,0x00000000a09f6108,0x00000000a5580000)
 Metaspace       used 20673K, capacity 21056K, committed 21296K, reserved 1069056K
  class space    used 2482K, capacity 2608K, committed 2688K, reserved 1048576K
Event: 1.688 GC heap after
Heap after GC invocations=5 (full 2):
 PSYoungGen      total 38400K, used 0K [0x00000000e0000000, 0x00000000e4b00000, 0x0000000100000000)
  eden space 33280K, 0% used [0x00000000e0000000,0x00000000e0000000,0x00000000e2080000)
  from space 5120K, 0% used [0x00000000e2080000,0x00000000e2080000,0x00000000e2580000)
  to   space 5120K, 0% used [0x00000000e4600000,0x00000000e4600000,0x00000000e4b00000)
 ParOldGen       total 72192K, used 11165K [0x00000000a0000000, 0x00000000a4680000, 0x00000000e0000000)
  object space 72192K, 15% used [0x00000000a0000000,0x00000000a0ae7590,0x00000000a4680000)
 Metaspace       used 20673K, capacity 21056K, committed 21296K, reserved 1069056K
  class space    used 2482K, capacity 2608K, committed 2688K, reserved 1048576K
}

Deoptimization events (10 events):
Event: 1.838 Thread 0x0000000018953800 Uncommon trap: reason=class_check action=maybe_recompile pc=0x00000000029ca4c0 method=java.util.Collections$UnmodifiableCollection.size()I @ 4
Event: 1.838 Thread 0x0000000018953800 Uncommon trap: reason=class_check action=maybe_recompile pc=0x00000000029d21ac method=java.util.Collections$UnmodifiableList.get(I)Ljava/lang/Object; @ 5
Event: 1.838 Thread 0x0000000018953800 Uncommon trap: reason=class_check action=maybe_recompile pc=0x00000000029d21ac method=java.util.Collections$UnmodifiableList.get(I)Ljava/lang/Object; @ 5
Event: 1.839 Thread 0x0000000018953800 Uncommon trap: reason=bimorphic action=maybe_recompile pc=0x0000000002864d18 method=java.io.FilterInputStream.read([B)I @ 5
Event: 1.839 Thread 0x0000000018953800 Uncommon trap: reason=bimorphic action=maybe_recompile pc=0x0000000002864d18 method=java.io.FilterInputStream.read([B)I @ 5
Event: 1.839 Thread 0x0000000018953800 Uncommon trap: reason=bimorphic action=maybe_recompile pc=0x0000000002864d18 method=java.io.FilterInputStream.read([B)I @ 5
Event: 1.839 Thread 0x0000000018953800 Uncommon trap: reason=class_check action=maybe_recompile pc=0x00000000029ca4c0 method=java.util.Collections$UnmodifiableCollection.size()I @ 4
Event: 1.839 Thread 0x0000000018953800 Uncommon trap: reason=class_check action=maybe_recompile pc=0x00000000029d21ac method=java.util.Collections$UnmodifiableList.get(I)Ljava/lang/Object; @ 5
Event: 1.839 Thread 0x0000000018953800 Uncommon trap: reason=class_check action=maybe_recompile pc=0x00000000029d21ac method=java.util.Collections$UnmodifiableList.get(I)Ljava/lang/Object; @ 5
Event: 1.840 Thread 0x0000000018953800 Uncommon trap: reason=unstable_if action=reinterpret pc=0x000000000273d9c8 method=java.lang.String.startsWith(Ljava/lang/String;I)Z @ 25

Classes redefined (0 events):
No events

Internal exceptions (10 events):
Event: 0.789 Thread 0x0000000018953800 Exception <a 'java/lang/NoSuchMethodError': <clinit>> (0x00000000e04926e8) thrown at [D:\src\AOSP-openjdk-cygwin\jdk8u\hotspot\src\share\vm\prims\jni.cpp, line 1613]
Event: 0.832 Thread 0x0000000018953800 Exception <a 'java/lang/NoSuchMethodError': <clinit>> (0x00000000e0657688) thrown at [D:\src\AOSP-openjdk-cygwin\jdk8u\hotspot\src\share\vm\prims\jni.cpp, line 1613]
Event: 0.838 Thread 0x00000000189a9000 Exception <a 'java/lang/InterruptedException'> (0x00000000e0677e70) thrown at [D:\src\AOSP-openjdk-cygwin\jdk8u\hotspot\src\share\vm\runtime\objectMonitor.cpp, line 1684]
Event: 1.071 Thread 0x0000000018953800 Exception <a 'java/lang/ArrayIndexOutOfBoundsException'> (0x00000000e1ae5f78) thrown at [D:\src\AOSP-openjdk-cygwin\jdk8u\hotspot\src\share\vm\runtime\sharedRuntime.cpp, line 605]
Event: 1.148 Thread 0x0000000018953800 Exception <a 'java/lang/ArrayIndexOutOfBoundsException'> (0x00000000e00654e8) thrown at [D:\src\AOSP-openjdk-cygwin\jdk8u\hotspot\src\share\vm\runtime\sharedRuntime.cpp, line 605]
Event: 1.593 Thread 0x0000000018953800 Implicit null exception at 0x0000000002925f2f to 0x0000000002925f99
Event: 1.626 Thread 0x0000000018953800 Exception <a 'java/lang/NoSuchMethodError': java.lang.Object.lambda$comparing$77a9974f$1(Ljava/util/function/Function;Ljava/lang/Object;Ljava/lang/Object;)I> (0x00000000e1cf5bf0) thrown at [D:\src\AOSP-openjdk-cygwin\jdk8u\hotspot\src\share\vm\interpreter
Event: 1.734 Thread 0x0000000018953800 Exception <a 'java/lang/ArrayIndexOutOfBoundsException': 67> (0x00000000e0346880) thrown at [D:\src\AOSP-openjdk-cygwin\jdk8u\hotspot\src\share\vm\interpreter\interpreterRuntime.cpp, line 366]
Event: 1.816 Thread 0x0000000018953800 Exception <a 'java/lang/NoSuchMethodError': java.lang.Object.lambda$static$0(I)[Lorg/jetbrains/kotlin/com/intellij/openapi/editor/event/DocumentListener;> (0x00000000e0bbf2d0) thrown at [D:\src\AOSP-openjdk-cygwin\jdk8u\hotspot\src\share\vm\interpreter\li
Event: 1.834 Thread 0x0000000018953800 Exception <a 'java/lang/NoSuchMethodError': java.lang.Object.lambda$static$0(I)[Lorg/jetbrains/kotlin/com/intellij/psi/PsiAnnotation;> (0x00000000e0da9880) thrown at [D:\src\AOSP-openjdk-cygwin\jdk8u\hotspot\src\share\vm\interpreter\linkResolver.cpp, line

Events (10 events):
Event: 1.922 loading class org/jetbrains/kotlin/com/intellij/openapi/util/io/BufferExposingByteArrayInputStream
Event: 1.922 loading class org/jetbrains/kotlin/com/intellij/openapi/util/io/BufferExposingByteArrayInputStream done
Event: 1.922 loading class org/jetbrains/kotlin/com/intellij/util/containers/FactoryMap$2
Event: 1.922 loading class org/jetbrains/kotlin/com/intellij/util/containers/FactoryMap$2 done
Event: 1.922 loading class java/util/AbstractMap$SimpleEntry
Event: 1.923 loading class java/util/AbstractMap$SimpleEntry done
Event: 1.929 loading class java/util/zip/ZipUtils
Event: 1.929 loading class java/util/zip/ZipUtils done
Event: 1.962 Thread 0x0000000018953800 DEOPT PACKING pc=0x0000000002b3001a sp=0x0000000019d3b0a0
Event: 1.962 Thread 0x0000000018953800 DEOPT UNPACKING pc=0x00000000025f75d0 sp=0x0000000019d3af20 mode 0


Dynamic libraries:
0x00007ff7ab1c0000 - 0x00007ff7ab1f1000 	C:\Program Files\Android\Android Studio\jre\jre\bin\java.exe
0x00007ffad33e0000 - 0x00007ffad35c1000 	C:\WINDOWS\SYSTEM32\ntdll.dll
0x00007ffad32f0000 - 0x00007ffad33a2000 	C:\WINDOWS\System32\KERNEL32.DLL
0x00007ffad05f0000 - 0x00007ffad0863000 	C:\WINDOWS\System32\KERNELBASE.dll
0x00007ffad1a70000 - 0x00007ffad1b11000 	C:\WINDOWS\System32\ADVAPI32.dll
0x00007ffad0940000 - 0x00007ffad09de000 	C:\WINDOWS\System32\msvcrt.dll
0x00007ffad0e20000 - 0x00007ffad0e7b000 	C:\WINDOWS\System32\sechost.dll
0x00007ffad1250000 - 0x00007ffad1374000 	C:\WINDOWS\System32\RPCRT4.dll
0x00007ffad09e0000 - 0x00007ffad0b70000 	C:\WINDOWS\System32\USER32.dll
0x00007ffacfd10000 - 0x00007ffacfd30000 	C:\WINDOWS\System32\win32u.dll
0x00007ffad1220000 - 0x00007ffad1248000 	C:\WINDOWS\System32\GDI32.dll
0x00007ffacf9a0000 - 0x00007ffacfb32000 	C:\WINDOWS\System32\gdi32full.dll
0x00007ffacfb40000 - 0x00007ffacfbdf000 	C:\WINDOWS\System32\msvcp_win.dll
0x00007ffad04f0000 - 0x00007ffad05ea000 	C:\WINDOWS\System32\ucrtbase.dll
0x00007ffac2fa0000 - 0x00007ffac3209000 	C:\WINDOWS\WinSxS\amd64_microsoft.windows.common-controls_6595b64144ccf1df_6.0.17134.345_none_fb429a5930656358\COMCTL32.dll
0x00007ffad0ef0000 - 0x00007ffad1213000 	C:\WINDOWS\System32\combase.dll
0x00007ffacfbe0000 - 0x00007ffacfc5a000 	C:\WINDOWS\System32\bcryptPrimitives.dll
0x00007ffad0870000 - 0x00007ffad089d000 	C:\WINDOWS\System32\IMM32.DLL
0x000000006f230000 - 0x000000006f302000 	C:\Program Files\Android\Android Studio\jre\jre\bin\msvcr100.dll
0x000000006f410000 - 0x000000006fc51000 	C:\Program Files\Android\Android Studio\jre\jre\bin\server\jvm.dll
0x00007ffad0c90000 - 0x00007ffad0c98000 	C:\WINDOWS\System32\PSAPI.DLL
0x00007ffac9bb0000 - 0x00007ffac9bb9000 	C:\WINDOWS\SYSTEM32\WSOCK32.dll
0x00007ffac29c0000 - 0x00007ffac29e3000 	C:\WINDOWS\SYSTEM32\WINMM.dll
0x00007ffacab60000 - 0x00007ffacab6a000 	C:\WINDOWS\SYSTEM32\VERSION.dll
0x00007ffad0b70000 - 0x00007ffad0bdc000 	C:\WINDOWS\System32\WS2_32.dll
0x00007ffac2990000 - 0x00007ffac29ba000 	C:\WINDOWS\SYSTEM32\winmmbase.dll
0x00007ffacfc60000 - 0x00007ffacfca9000 	C:\WINDOWS\System32\cfgmgr32.dll
0x00007ffacc280000 - 0x00007ffacc28f000 	C:\Program Files\Android\Android Studio\jre\jre\bin\verify.dll
0x00007ffac9eb0000 - 0x00007ffac9ed9000 	C:\Program Files\Android\Android Studio\jre\jre\bin\java.dll
0x00007ffac9040000 - 0x00007ffac9056000 	C:\Program Files\Android\Android Studio\jre\jre\bin\zip.dll
0x00007ffad1c80000 - 0x00007ffad30bf000 	C:\WINDOWS\System32\SHELL32.dll
0x00007ffad0be0000 - 0x00007ffad0c89000 	C:\WINDOWS\System32\shcore.dll
0x00007ffacfde0000 - 0x00007ffad04ed000 	C:\WINDOWS\System32\windows.storage.dll
0x00007ffad0e80000 - 0x00007ffad0ed1000 	C:\WINDOWS\System32\shlwapi.dll
0x00007ffacf770000 - 0x00007ffacf781000 	C:\WINDOWS\System32\kernel.appcore.dll
0x00007ffacf790000 - 0x00007ffacf7af000 	C:\WINDOWS\System32\profapi.dll
0x00007ffacf720000 - 0x00007ffacf76c000 	C:\WINDOWS\System32\powrprof.dll
0x00007ffacf710000 - 0x00007ffacf71a000 	C:\WINDOWS\System32\FLTLIB.DLL
0x00007ffacb120000 - 0x00007ffacb12d000 	C:\Program Files\Android\Android Studio\jre\jre\bin\management.dll
0x00007ffac8fb0000 - 0x00007ffac8fca000 	C:\Program Files\Android\Android Studio\jre\jre\bin\net.dll
0x00007ffacef70000 - 0x00007ffacefd6000 	C:\WINDOWS\system32\mswsock.dll
0x00007ffac8b90000 - 0x00007ffac8ba1000 	C:\Program Files\Android\Android Studio\jre\jre\bin\nio.dll
0x00007ffacf120000 - 0x00007ffacf137000 	C:\WINDOWS\SYSTEM32\CRYPTSP.dll
0x00007ffaceb50000 - 0x00007ffaceb83000 	C:\WINDOWS\system32\rsaenh.dll
0x00007ffacf250000 - 0x00007ffacf275000 	C:\WINDOWS\SYSTEM32\bcrypt.dll
0x00007ffacf5f0000 - 0x00007ffacf618000 	C:\WINDOWS\SYSTEM32\USERENV.dll
0x00007ffacf140000 - 0x00007ffacf14b000 	C:\WINDOWS\SYSTEM32\CRYPTBASE.dll
0x00007ffacecf0000 - 0x00007ffaced28000 	C:\WINDOWS\SYSTEM32\IPHLPAPI.DLL
0x00007ffad1b20000 - 0x00007ffad1b28000 	C:\WINDOWS\System32\NSI.dll
0x00007ffaca440000 - 0x00007ffaca456000 	C:\WINDOWS\SYSTEM32\dhcpcsvc6.DLL
0x00007ffaca740000 - 0x00007ffaca75a000 	C:\WINDOWS\SYSTEM32\dhcpcsvc.DLL

VM Arguments:
jvm_args: -Djava.awt.headless=true -Djava.rmi.server.hostname=127.0.0.1 -Xmx1536m -Dkotlin.environment.keepalive 
java_command: org.jetbrains.kotlin.daemon.KotlinCompileDaemon --daemon-runFilesPath C:\Users\Yosafat C Saputra\AppData\Local\kotlin\daemon --daemon-autoshutdownIdleSeconds=7200 --daemon-compilerClasspath C:\Users\Yosafat C Saputra\.gradle\caches\modules-2\files-2.1\org.jetbrains.kotlin\kotlin-compiler-embeddable\1.2.71\a79f934bfbc1c7e16638da3474feab351735f1c0\kotlin-compiler-embeddable-1.2.71.jar;C:\Users\Yosafat C Saputra\.gradle\caches\modules-2\files-2.1\org.jetbrains.kotlin\kotlin-reflect\1.2.71\7512db3b3182753bd2e48ce8d345abbadc40fe6b\kotlin-reflect-1.2.71.jar;C:\Users\Yosafat C Saputra\.gradle\caches\modules-2\files-2.1\org.jetbrains.kotlin\kotlin-stdlib\1.2.71\d9717625bb3c731561251f8dd2c67a1011d6764c\kotlin-stdlib-1.2.71.jar;C:\Users\Yosafat C Saputra\.gradle\caches\modules-2\files-2.1\org.jetbrains.kotlin\kotlin-script-runtime\1.2.71\d5439926359caa899f41e1915b19d6d23e49750b\kotlin-script-runtime-1.2.71.jar;C:\Users\Yosafat C Saputra\.gradle\caches\modules-2\files-2.1\org.jetbrains.kotlin\kotlin-stdlib-common\1.2.71\ba18ca1aa0e40eb6f1865b324af2f4cbb691c1ec\kotlin-stdlib-common-1.2.71.jar;C:\Users\Yosafat C Saputra\.gradle\caches\modules-2\files-2.1\org.jetbrains\annotations\13.0\919f0dfe192fb4e063e7dacadee7f8bb9a2672a9\annotations-13.0.jar;C:\Program Files\Android\Android Studio\jre\lib\tools.jar
java_class_path (initial): C:\Users\Yosafat C Saputra\.gradle\caches\modules-2\files-2.1\org.jetbrains.kotlin\kotlin-compiler-embeddable\1.2.71\a79f934bfbc1c7e16638da3474feab351735f1c0\kotlin-compiler-embeddable-1.2.71.jar;C:\Users\Yosafat C Saputra\.gradle\caches\modules-2\files-2.1\org.jetbrains.kotlin\kotlin-reflect\1.2.71\7512db3b3182753bd2e48ce8d345abbadc40fe6b\kotlin-reflect-1.2.71.jar;C:\Users\Yosafat C Saputra\.gradle\caches\modules-2\files-2.1\org.jetbrains.kotlin\kotlin-stdlib\1.2.71\d9717625bb3c731561251f8dd2c67a1011d6764c\kotlin-stdlib-1.2.71.jar;C:\Users\Yosafat C Saputra\.gradle\caches\modules-2\files-2.1\org.jetbrains.kotlin\kotlin-script-runtime\1.2.71\d5439926359caa899f41e1915b19d6d23e49750b\kotlin-script-runtime-1.2.71.jar;C:\Users\Yosafat C Saputra\.gradle\caches\modules-2\files-2.1\org.jetbrains.kotlin\kotlin-stdlib-common\1.2.71\ba18ca1aa0e40eb6f1865b324af2f4cbb691c1ec\kotlin-stdlib-common-1.2.71.jar;C:\Users\Yosafat C Saputra\.gradle\caches\modules-2\files-2.1\org.jetbrains\annotations\13.0\919f0dfe192fb4e063e7dacadee7f8bb9a2672a9\annotations-13.0.jar;C:\Program Files\Android\Android Studio\jre\lib\tools.jar
Launcher Type: SUN_STANDARD

Environment Variables:
PATH=C:\Program Files (x86)\Common Files\Oracle\Java\javapath;C:\Windows\system32;C:\Windows;C:\Windows\System32\Wbem;C:\Windows\System32\WindowsPowerShell\v1.0\;C:\Program Files (x86)\NVIDIA Corporation\PhysX\Common;C:\WINDOWS\system32;C:\WINDOWS;C:\WINDOWS\System32\Wbem;C:\WINDOWS\System32\WindowsPowerShell\v1.0\;C:\WINDOWS\System32\OpenSSH\;C:\Users\Yosafat C Saputra\AppData\Local\Microsoft\WindowsApps;;D:\SSH
USERNAME=Yosafat C Saputra
OS=Windows_NT
PROCESSOR_IDENTIFIER=Intel64 Family 6 Model 158 Stepping 10, GenuineIntel



---------------  S Y S T E M  ---------------

OS: Windows 10.0 , 64 bit Build 17134 (10.0.17134.1)

CPU:total 6 (initial active 6) (6 cores per cpu, 1 threads per core) family 6 model 158 stepping 10, cmov, cx8, fxsr, mmx, sse, sse2, sse3, ssse3, sse4.1, sse4.2, popcnt, avx, avx2, aes, clmul, erms, rtm, 3dnowpref, lzcnt, tsc, tscinvbit, bmi1, bmi2, adx

Memory: 4k page, physical 8319548k(502020k free), swap 33485372k(5772k free)

vm_info: OpenJDK 64-Bit Server VM (25.152-b06) for windows-amd64 JRE (1.8.0_152-release-1136-b06), built by "builder" with MS VC++ 10.0 (VS2010)

time: Wed Oct 24 23:18:09 2018
elapsed time: 2 seconds (0d 0h 0m 2s)

