#
# There is insufficient memory for the Java Runtime Environment to continue.
# Native memory allocation (malloc) failed to allocate 171216 bytes for Chunk::new
# Possible reasons:
#   The system is out of physical RAM or swap space
#   In 32 bit mode, the process size limit was hit
# Possible solutions:
#   Reduce memory load on the system
#   Increase physical memory or swap space
#   Check if swap backing store is full
#   Use 64 bit Java on a 64 bit OS
#   Decrease Java heap size (-Xmx/-Xms)
#   Decrease number of Java threads
#   Decrease Java thread stack sizes (-Xss)
#   Set larger code cache with -XX:ReservedCodeCacheSize=
# This output file may be truncated or incomplete.
#
#  Out of Memory Error (allocation.cpp:390), pid=25160, tid=0x000000000000570c
#
# JRE version: OpenJDK Runtime Environment (8.0_152-b06) (build 1.8.0_152-release-1136-b06)
# Java VM: OpenJDK 64-Bit Server VM (25.152-b06 mixed mode windows-amd64 compressed oops)
# Failed to write core dump. Minidumps are not enabled by default on client versions of Windows
#

---------------  T H R E A D  ---------------

Current thread (0x0000000016df6000):  JavaThread "C2 CompilerThread1" daemon [_thread_in_native, id=22284, stack(0x0000000018a80000,0x0000000018b80000)]

Stack: [0x0000000018a80000,0x0000000018b80000]
[error occurred during error reporting (printing stack bounds), id 0xc0000005]

Native frames: (J=compiled Java code, j=interpreted, Vv=VM code, C=native code)


Current CompileTask:
C2: 377345 13647   !   4       java.io.PrintWriter::newLine (66 bytes)


---------------  P R O C E S S  ---------------

Java Threads: ( => current thread )
  0x000000001e70e000 JavaThread "ForkJoinPool.commonPool-worker-7" daemon [_thread_blocked, id=3620, stack(0x0000000029360000,0x0000000029460000)]
  0x000000001e714000 JavaThread "RMI RenewClean-[127.0.0.1:17940,org.jetbrains.kotlin.daemon.common.LoopbackNetworkInterface$ClientLoopbackSocketFactory@6380c14e]" daemon [_thread_blocked, id=12696, stack(0x0000000029260000,0x0000000029360000)]
  0x000000001e713800 JavaThread "stdout" [_thread_in_native, id=8272, stack(0x0000000029160000,0x0000000029260000)]
  0x000000001e716800 JavaThread "stderr" [_thread_in_native, id=9988, stack(0x0000000029060000,0x0000000029160000)]
  0x000000001e70b800 JavaThread "pool-6-thread-1" [_thread_blocked, id=9636, stack(0x0000000028f60000,0x0000000029060000)]
  0x000000001dec7000 JavaThread "Cache worker for Build Output Cleanup Cache (C:\Users\Yosafat C Saputra\Downloads\KotlinTutor2000_version11\KotlinTutor2000\.gradle\buildOutputCleanup)" [_thread_blocked, id=11516, stack(0x0000000028860000,0x0000000028960000)]
  0x000000001dec6800 JavaThread "Cache worker for task history cache (C:\Users\Yosafat C Saputra\Downloads\KotlinTutor2000_version11\KotlinTutor2000\.gradle\4.6\taskHistory)" [_thread_blocked, id=26096, stack(0x0000000028760000,0x0000000028860000)]
  0x000000001dec8000 JavaThread "Cache worker for file content cache (C:\Users\Yosafat C Saputra\Downloads\KotlinTutor2000_version11\KotlinTutor2000\.gradle\4.6\fileContent)" [_thread_blocked, id=10904, stack(0x0000000028660000,0x0000000028760000)]
  0x000000001debe800 JavaThread "Build operations Thread 6" [_thread_blocked, id=26352, stack(0x0000000028560000,0x0000000028660000)]
  0x000000001dec5800 JavaThread "Build operations Thread 5" [_thread_blocked, id=12256, stack(0x0000000028460000,0x0000000028560000)]
  0x000000001dec5000 JavaThread "Build operations Thread 4" [_thread_blocked, id=5828, stack(0x0000000028360000,0x0000000028460000)]
  0x000000001debd000 JavaThread "Build operations Thread 3" [_thread_blocked, id=11376, stack(0x0000000028260000,0x0000000028360000)]
  0x000000001dec4000 JavaThread "Build operations Thread 2" [_thread_blocked, id=21380, stack(0x0000000028160000,0x0000000028260000)]
  0x000000001dec3800 JavaThread "Build operations" [_thread_blocked, id=20584, stack(0x0000000028060000,0x0000000028160000)]
  0x000000001dec2800 JavaThread "Cache worker for Artifact transforms cache (C:\Users\Yosafat C Saputra\.gradle\caches\transforms-1)" [_thread_blocked, id=21452, stack(0x0000000027f60000,0x0000000028060000)]
  0x000000001debb000 JavaThread "Cache worker for file hash cache (C:\Users\Yosafat C Saputra\Downloads\KotlinTutor2000_version11\KotlinTutor2000\.gradle\4.6\fileHashes)" [_thread_blocked, id=13308, stack(0x0000000027e60000,0x0000000027f60000)]
  0x000000001debe000 JavaThread "Stdin handler" [_thread_blocked, id=19372, stack(0x0000000027d60000,0x0000000027e60000)]
  0x000000001dec2000 JavaThread "Asynchronous log dispatcher for DefaultDaemonConnection: socket connection from /127.0.0.1:61194 to /127.0.0.1:61413" [_thread_blocked, id=25564, stack(0x0000000027c60000,0x0000000027d60000)]
  0x000000001deba000 JavaThread "Daemon worker Thread 2" [_thread_blocked, id=21736, stack(0x0000000027b60000,0x0000000027c60000)]
  0x000000001dec1000 JavaThread "Cancel handler" [_thread_blocked, id=25332, stack(0x0000000027a60000,0x0000000027b60000)]
  0x000000001dec0800 JavaThread "Handler for socket connection from /127.0.0.1:61194 to /127.0.0.1:61413" [_thread_in_native, id=19572, stack(0x0000000027960000,0x0000000027a60000)]
  0x000000001deb9800 JavaThread "Daemon Thread 2" [_thread_blocked, id=6212, stack(0x0000000027860000,0x0000000027960000)]
  0x000000001debf800 JavaThread "RMI TCP Connection(3)-127.0.0.1" daemon [_thread_in_native, id=10644, stack(0x0000000027760000,0x0000000027860000)]
  0x000000001debb800 JavaThread "pool-1-thread-1" [_thread_blocked, id=7652, stack(0x0000000027660000,0x0000000027760000)]
  0x000000001e70a000 JavaThread "RMI Reaper" [_thread_blocked, id=5388, stack(0x0000000025660000,0x0000000025760000)]
  0x000000001e711000 JavaThread "RMI TCP Accept-0" daemon [_thread_in_native, id=14528, stack(0x0000000025560000,0x0000000025660000)]
  0x000000001e70c800 JavaThread "GC Daemon" daemon [_thread_blocked, id=19532, stack(0x0000000025460000,0x0000000025560000)]
  0x000000001e709800 JavaThread "RMI Scheduler(0)" daemon [_thread_blocked, id=23808, stack(0x0000000025260000,0x0000000025360000)]
  0x000000001b1de000 JavaThread "Memory manager" [_thread_blocked, id=14600, stack(0x0000000021be0000,0x0000000021ce0000)]
  0x000000001a35b000 JavaThread "File lock request listener" [_thread_in_native, id=8312, stack(0x000000001cda0000,0x000000001cea0000)]
  0x000000001a891800 JavaThread "Cache worker for file hash cache (C:\Users\Yosafat C Saputra\.gradle\caches\4.6\fileHashes)" [_thread_blocked, id=16112, stack(0x000000001cca0000,0x000000001cda0000)]
  0x000000001a1b9800 JavaThread "Daemon periodic checks" [_thread_blocked, id=24020, stack(0x000000001c1a0000,0x000000001c2a0000)]
  0x000000001a1b8000 JavaThread "Incoming local TCP Connector on port 61194" [_thread_in_native, id=5704, stack(0x000000001bf60000,0x000000001c060000)]
  0x0000000018cee000 JavaThread "Service Thread" daemon [_thread_blocked, id=19388, stack(0x0000000019080000,0x0000000019180000)]
  0x0000000016df8000 JavaThread "C1 CompilerThread2" daemon [_thread_blocked, id=22844, stack(0x0000000018b80000,0x0000000018c80000)]
=>0x0000000016df6000 JavaThread "C2 CompilerThread1" daemon [_thread_in_native, id=22284, stack(0x0000000018a80000,0x0000000018b80000)]
  0x0000000016df1000 JavaThread "C2 CompilerThread0" daemon [_thread_in_native, id=17068, stack(0x0000000018980000,0x0000000018a80000)]
  0x0000000016ded800 JavaThread "Attach Listener" daemon [_thread_blocked, id=20620, stack(0x0000000018880000,0x0000000018980000)]
  0x0000000016dec800 JavaThread "Signal Dispatcher" daemon [_thread_blocked, id=18208, stack(0x0000000018780000,0x0000000018880000)]
  0x000000000323c800 JavaThread "Finalizer" daemon [_thread_blocked, id=21568, stack(0x0000000018680000,0x0000000018780000)]
  0x0000000003233800 JavaThread "Reference Handler" daemon [_thread_blocked, id=22764, stack(0x0000000018580000,0x0000000018680000)]
  0x0000000002f3e000 JavaThread "main" [_thread_blocked, id=2744, stack(0x0000000003040000,0x0000000003140000)]

Other Threads:
  0x0000000016db5800 VMThread [stack: 0x0000000018480000,0x0000000018580000] [id=12080]
  0x0000000018cef000 WatcherThread [stack: 0x0000000019180000,0x0000000019280000] [id=2632]

VM state:at safepoint (normal execution)

VM Mutex/Monitor currently owned by a thread:  ([mutex/lock_event])
[0x0000000002f3cbe0] Threads_lock - owner thread: 0x0000000016db5800
[0x0000000003141fd0] Compile_lock - owner thread: 0x000000001deba000

Heap:
 PSYoungGen      total 204288K, used 180581K [0x00000000e0000000, 0x00000000eea80000, 0x0000000100000000)
  eden space 189952K, 87% used [0x00000000e0000000,0x00000000ea25ea90,0x00000000eb980000)
  from space 14336K, 99% used [0x00000000ebf80000,0x00000000ecd7aaf8,0x00000000ecd80000)
  to   space 25088K, 0% used [0x00000000ed200000,0x00000000ed200000,0x00000000eea80000)
 ParOldGen       total 141824K, used 46471K [0x00000000a0000000, 0x00000000a8a80000, 0x00000000e0000000)
  object space 141824K, 32% used [0x00000000a0000000,0x00000000a2d61ec0,0x00000000a8a80000)
 Metaspace       used 86738K, capacity 90540K, committed 90880K, reserved 1128448K
  class space    used 11441K, capacity 12202K, committed 12288K, reserved 1048576K

Card table byte_map: [0x0000000012600000,0x0000000012910000] byte_map_base: 0x0000000012100000

Marking Bits: (ParMarkBitMap*) 0x000000006fbd5aa0
 Begin Bits: [0x0000000013110000, 0x0000000014910000)
 End Bits:   [0x0000000014910000, 0x0000000016110000)

Polling page: 0x0000000001040000

CodeCache: size=245760Kb used=36993Kb max_used=37002Kb free=208766Kb
 bounds [0x0000000003240000, 0x0000000005690000, 0x0000000012240000]
 total_blobs=12367 nmethods=11486 adapters=792
 compilation: enabled

Compilation events (10 events):
Event: 377.274 Thread 0x0000000016df8000 13658       3       java.lang.StackTraceElement::isNativeMethod (15 bytes)
Event: 377.274 Thread 0x0000000016df8000 nmethod 13658 0x000000000568ac50 code [0x000000000568ada0, 0x000000000568af50]
Event: 377.274 Thread 0x0000000016df8000 13660       3       java.lang.StackTraceElement::equals (80 bytes)
Event: 377.275 Thread 0x0000000016df1000 nmethod 13649 0x000000000568afd0 code [0x000000000568b160, 0x000000000568bcc8]
Event: 377.275 Thread 0x0000000016df1000 13648   !   4       java.io.PrintWriter::write (58 bytes)
Event: 377.275 Thread 0x0000000016df8000 nmethod 13660 0x0000000005683650 code [0x0000000005683820, 0x00000000056840a8]
Event: 377.275 Thread 0x0000000016df8000 13661       1       java.lang.StackTraceElement::getLineNumber (5 bytes)
Event: 377.275 Thread 0x0000000016df8000 nmethod 13661 0x0000000005683390 code [0x00000000056834e0, 0x00000000056835f0]
Event: 377.275 Thread 0x0000000016df8000 13662       1       java.lang.StackTraceElement::getFileName (5 bytes)
Event: 377.275 Thread 0x0000000016df8000 nmethod 13662 0x00000000056830d0 code [0x0000000005683220, 0x0000000005683330]

GC Heap History (10 events):
Event: 10.971 GC heap before
{Heap before GC invocations=12 (full 2):
 PSYoungGen      total 167424K, used 89397K [0x00000000e0000000, 0x00000000ee900000, 0x0000000100000000)
  eden space 151552K, 48% used [0x00000000e0000000,0x00000000e47d1810,0x00000000e9400000)
  from space 15872K, 99% used [0x00000000e9400000,0x00000000ea37bc08,0x00000000ea380000)
  to   space 21504K, 0% used [0x00000000ed400000,0x00000000ed400000,0x00000000ee900000)
 ParOldGen       total 95744K, used 30596K [0x00000000a0000000, 0x00000000a5d80000, 0x00000000e0000000)
  object space 95744K, 31% used [0x00000000a0000000,0x00000000a1de12a8,0x00000000a5d80000)
 Metaspace       used 57374K, capacity 58934K, committed 59028K, reserved 1099776K
  class space    used 7773K, capacity 8158K, committed 8192K, reserved 1048576K
Event: 10.985 GC heap after
Heap after GC invocations=12 (full 2):
 PSYoungGen      total 217600K, used 11936K [0x00000000e0000000, 0x00000000eeb80000, 0x0000000100000000)
  eden space 196096K, 0% used [0x00000000e0000000,0x00000000e0000000,0x00000000ebf80000)
  from space 21504K, 55% used [0x00000000ed400000,0x00000000edfa82e0,0x00000000ee900000)
  to   space 20992K, 0% used [0x00000000ebf80000,0x00000000ebf80000,0x00000000ed400000)
 ParOldGen       total 95744K, used 39680K [0x00000000a0000000, 0x00000000a5d80000, 0x00000000e0000000)
  object space 95744K, 41% used [0x00000000a0000000,0x00000000a26c01e0,0x00000000a5d80000)
 Metaspace       used 57374K, capacity 58934K, committed 59028K, reserved 1099776K
  class space    used 7773K, capacity 8158K, committed 8192K, reserved 1048576K
}
Event: 10.985 GC heap before
{Heap before GC invocations=13 (full 3):
 PSYoungGen      total 217600K, used 11936K [0x00000000e0000000, 0x00000000eeb80000, 0x0000000100000000)
  eden space 196096K, 0% used [0x00000000e0000000,0x00000000e0000000,0x00000000ebf80000)
  from space 21504K, 55% used [0x00000000ed400000,0x00000000edfa82e0,0x00000000ee900000)
  to   space 20992K, 0% used [0x00000000ebf80000,0x00000000ebf80000,0x00000000ed400000)
 ParOldGen       total 95744K, used 39680K [0x00000000a0000000, 0x00000000a5d80000, 0x00000000e0000000)
  object space 95744K, 41% used [0x00000000a0000000,0x00000000a26c01e0,0x00000000a5d80000)
 Metaspace       used 57374K, capacity 58934K, committed 59028K, reserved 1099776K
  class space    used 7773K, capacity 8158K, committed 8192K, reserved 1048576K
Event: 11.105 GC heap after
Heap after GC invocations=13 (full 3):
 PSYoungGen      total 217600K, used 0K [0x00000000e0000000, 0x00000000eeb80000, 0x0000000100000000)
  eden space 196096K, 0% used [0x00000000e0000000,0x00000000e0000000,0x00000000ebf80000)
  from space 21504K, 0% used [0x00000000ed400000,0x00000000ed400000,0x00000000ee900000)
  to   space 20992K, 0% used [0x00000000ebf80000,0x00000000ebf80000,0x00000000ed400000)
 ParOldGen       total 141824K, used 34876K [0x00000000a0000000, 0x00000000a8a80000, 0x00000000e0000000)
  object space 141824K, 24% used [0x00000000a0000000,0x00000000a220f208,0x00000000a8a80000)
 Metaspace       used 57374K, capacity 58934K, committed 59028K, reserved 1099776K
  class space    used 7773K, capacity 8158K, committed 8192K, reserved 1048576K
}
Event: 40.710 GC heap before
{Heap before GC invocations=14 (full 3):
 PSYoungGen      total 217600K, used 196096K [0x00000000e0000000, 0x00000000eeb80000, 0x0000000100000000)
  eden space 196096K, 100% used [0x00000000e0000000,0x00000000ebf80000,0x00000000ebf80000)
  from space 21504K, 0% used [0x00000000ed400000,0x00000000ed400000,0x00000000ee900000)
  to   space 20992K, 0% used [0x00000000ebf80000,0x00000000ebf80000,0x00000000ed400000)
 ParOldGen       total 141824K, used 34876K [0x00000000a0000000, 0x00000000a8a80000, 0x00000000e0000000)
  object space 141824K, 24% used [0x00000000a0000000,0x00000000a220f208,0x00000000a8a80000)
 Metaspace       used 69075K, capacity 70938K, committed 71296K, reserved 1110016K
  class space    used 9331K, capacity 9788K, committed 9856K, reserved 1048576K
Event: 40.727 GC heap after
Heap after GC invocations=14 (full 3):
 PSYoungGen      total 217088K, used 20987K [0x00000000e0000000, 0x00000000eeb80000, 0x0000000100000000)
  eden space 196096K, 0% used [0x00000000e0000000,0x00000000e0000000,0x00000000ebf80000)
  from space 20992K, 99% used [0x00000000ebf80000,0x00000000ed3fec50,0x00000000ed400000)
  to   space 21504K, 0% used [0x00000000ed400000,0x00000000ed400000,0x00000000ee900000)
 ParOldGen       total 141824K, used 38358K [0x00000000a0000000, 0x00000000a8a80000, 0x00000000e0000000)
  object space 141824K, 27% used [0x00000000a0000000,0x00000000a2575918,0x00000000a8a80000)
 Metaspace       used 69075K, capacity 70938K, committed 71296K, reserved 1110016K
  class space    used 9331K, capacity 9788K, committed 9856K, reserved 1048576K
}
Event: 44.545 GC heap before
{Heap before GC invocations=15 (full 3):
 PSYoungGen      total 217088K, used 216983K [0x00000000e0000000, 0x00000000eeb80000, 0x0000000100000000)
  eden space 196096K, 99% used [0x00000000e0000000,0x00000000ebf671e0,0x00000000ebf80000)
  from space 20992K, 99% used [0x00000000ebf80000,0x00000000ed3fec50,0x00000000ed400000)
  to   space 21504K, 0% used [0x00000000ed400000,0x00000000ed400000,0x00000000ee900000)
 ParOldGen       total 141824K, used 38358K [0x00000000a0000000, 0x00000000a8a80000, 0x00000000e0000000)
  object space 141824K, 27% used [0x00000000a0000000,0x00000000a2575918,0x00000000a8a80000)
 Metaspace       used 81113K, capacity 84376K, committed 84608K, reserved 1122304K
  class space    used 10906K, capacity 11589K, committed 11648K, reserved 1048576K
Event: 44.559 GC heap after
Heap after GC invocations=15 (full 3):
 PSYoungGen      total 217600K, used 17406K [0x00000000e0000000, 0x00000000eeb80000, 0x0000000100000000)
  eden space 196096K, 0% used [0x00000000e0000000,0x00000000e0000000,0x00000000ebf80000)
  from space 21504K, 80% used [0x00000000ed400000,0x00000000ee4ffa20,0x00000000ee900000)
  to   space 20992K, 0% used [0x00000000ebf80000,0x00000000ebf80000,0x00000000ed400000)
 ParOldGen       total 141824K, used 46463K [0x00000000a0000000, 0x00000000a8a80000, 0x00000000e0000000)
  object space 141824K, 32% used [0x00000000a0000000,0x00000000a2d5fec0,0x00000000a8a80000)
 Metaspace       used 81113K, capacity 84376K, committed 84608K, reserved 1122304K
  class space    used 10906K, capacity 11589K, committed 11648K, reserved 1048576K
}
Event: 360.794 GC heap before
{Heap before GC invocations=16 (full 3):
 PSYoungGen      total 217600K, used 213502K [0x00000000e0000000, 0x00000000eeb80000, 0x0000000100000000)
  eden space 196096K, 100% used [0x00000000e0000000,0x00000000ebf80000,0x00000000ebf80000)
  from space 21504K, 80% used [0x00000000ed400000,0x00000000ee4ffa20,0x00000000ee900000)
  to   space 20992K, 0% used [0x00000000ebf80000,0x00000000ebf80000,0x00000000ed400000)
 ParOldGen       total 141824K, used 46463K [0x00000000a0000000, 0x00000000a8a80000, 0x00000000e0000000)
  object space 141824K, 32% used [0x00000000a0000000,0x00000000a2d5fec0,0x00000000a8a80000)
 Metaspace       used 85347K, capacity 89002K, committed 89216K, reserved 1126400K
  class space    used 11324K, capacity 12056K, committed 12160K, reserved 1048576K
Event: 360.812 GC heap after
Heap after GC invocations=16 (full 3):
 PSYoungGen      total 204288K, used 14314K [0x00000000e0000000, 0x00000000eea80000, 0x0000000100000000)
  eden space 189952K, 0% used [0x00000000e0000000,0x00000000e0000000,0x00000000eb980000)
  from space 14336K, 99% used [0x00000000ebf80000,0x00000000ecd7aaf8,0x00000000ecd80000)
  to   space 25088K, 0% used [0x00000000ed200000,0x00000000ed200000,0x00000000eea80000)
 ParOldGen       total 141824K, used 46471K [0x00000000a0000000, 0x00000000a8a80000, 0x00000000e0000000)
  object space 141824K, 32% used [0x00000000a0000000,0x00000000a2d61ec0,0x00000000a8a80000)
 Metaspace       used 85347K, capacity 89002K, committed 89216K, reserved 1126400K
  class space    used 11324K, capacity 12056K, committed 12160K, reserved 1048576K
}

Deoptimization events (10 events):
Event: 377.268 Thread 0x000000001dec8800 Uncommon trap: reason=class_check action=maybe_recompile pc=0x000000000472f6c8 method=java.io.PrintWriter.write(Ljava/lang/String;II)V @ 19
Event: 377.268 Thread 0x000000001dec8800 Uncommon trap: reason=class_check action=maybe_recompile pc=0x0000000004738200 method=java.io.PrintWriter.newLine()V @ 19
Event: 377.268 Thread 0x000000001dec8800 Uncommon trap: reason=class_check action=maybe_recompile pc=0x000000000472f6c8 method=java.io.PrintWriter.write(Ljava/lang/String;II)V @ 19
Event: 377.268 Thread 0x000000001dec8800 Uncommon trap: reason=class_check action=maybe_recompile pc=0x0000000004738200 method=java.io.PrintWriter.newLine()V @ 19
Event: 377.268 Thread 0x000000001dec8800 Uncommon trap: reason=class_check action=maybe_recompile pc=0x000000000472f6c8 method=java.io.PrintWriter.write(Ljava/lang/String;II)V @ 19
Event: 377.268 Thread 0x000000001dec8800 Uncommon trap: reason=class_check action=maybe_recompile pc=0x0000000004738200 method=java.io.PrintWriter.newLine()V @ 19
Event: 377.268 Thread 0x000000001dec8800 Uncommon trap: reason=class_check action=maybe_recompile pc=0x000000000472f6c8 method=java.io.PrintWriter.write(Ljava/lang/String;II)V @ 19
Event: 377.268 Thread 0x000000001dec8800 Uncommon trap: reason=class_check action=maybe_recompile pc=0x0000000004738200 method=java.io.PrintWriter.newLine()V @ 19
Event: 377.268 Thread 0x000000001dec8800 Uncommon trap: reason=class_check action=maybe_recompile pc=0x0000000004732e04 method=java.io.PrintWriter.write(Ljava/lang/String;II)V @ 19
Event: 377.270 Thread 0x000000001dec8800 Uncommon trap: reason=class_check action=maybe_recompile pc=0x00000000037b7700 method=java.lang.Throwable.<init>(Ljava/lang/String;Ljava/lang/Throwable;)V @ 24

Classes redefined (0 events):
No events

Internal exceptions (10 events):
Event: 371.336 Thread 0x000000001dec8800 Exception <a 'java/net/ConnectException': Connection refused: connect> (0x00000000e65f0728) thrown at [D:\src\AOSP-openjdk-cygwin\jdk8u\hotspot\src\share\vm\prims\jni.cpp, line 735]
Event: 372.337 Thread 0x000000001dec8800 Exception <a 'java/net/ConnectException': Connection refused: connect> (0x00000000e65f56e0) thrown at [D:\src\AOSP-openjdk-cygwin\jdk8u\hotspot\src\share\vm\prims\jni.cpp, line 735]
Event: 373.350 Thread 0x000000001dec8800 Exception <a 'java/net/ConnectException': Connection refused: connect> (0x00000000e65f63a8) thrown at [D:\src\AOSP-openjdk-cygwin\jdk8u\hotspot\src\share\vm\prims\jni.cpp, line 735]
Event: 374.363 Thread 0x000000001dec8800 Exception <a 'java/net/ConnectException': Connection refused: connect> (0x00000000e65f7070) thrown at [D:\src\AOSP-openjdk-cygwin\jdk8u\hotspot\src\share\vm\prims\jni.cpp, line 735]
Event: 374.370 Thread 0x000000001e714000 Exception <a 'java/lang/InterruptedException'> (0x00000000e6651758) thrown at [D:\src\AOSP-openjdk-cygwin\jdk8u\hotspot\src\share\vm\runtime\objectMonitor.cpp, line 1684]
Event: 377.261 Thread 0x000000001dec8800 Exception <a 'java/lang/OutOfMemoryError'> (0x00000000ea00d500) thrown at [D:\src\AOSP-openjdk-cygwin\jdk8u\hotspot\src\share\vm\prims\jni.cpp, line 735]
Event: 377.266 Thread 0x000000001dec8800 Exception <a 'java/lang/reflect/InvocationTargetException'> (0x00000000ea020250) thrown at [D:\src\AOSP-openjdk-cygwin\jdk8u\hotspot\src\share\vm\runtime\reflection.cpp, line 1092]
Event: 377.269 Thread 0x000000001dec8800 Exception <a 'java/lang/NoSuchMethodError': <clinit>> (0x00000000ea09bc78) thrown at [D:\src\AOSP-openjdk-cygwin\jdk8u\hotspot\src\share\vm\prims\jni.cpp, line 1613]
Event: 377.270 Thread 0x000000001dec8800 Exception <a 'java/lang/NoSuchMethodError': <clinit>> (0x00000000ea0b0df8) thrown at [D:\src\AOSP-openjdk-cygwin\jdk8u\hotspot\src\share\vm\prims\jni.cpp, line 1613]
Event: 377.273 Thread 0x000000001dec8800 Exception <a 'java/lang/NoSuchMethodError': <clinit>> (0x00000000ea15d250) thrown at [D:\src\AOSP-openjdk-cygwin\jdk8u\hotspot\src\share\vm\prims\jni.cpp, line 1613]

Events (10 events):
Event: 377.274 Thread 0x000000001e710000 Thread exited: 0x000000001e710000
Event: 377.274 Executing VM operation: BulkRevokeBias
Event: 377.274 Executing VM operation: BulkRevokeBias done
Event: 377.275 Thread 0x000000001e711800 Thread exited: 0x000000001e711800
Event: 377.275 loading class org/gradle/internal/exceptions/Contextual
Event: 377.275 loading class org/gradle/internal/exceptions/Contextual done
Event: 377.275 loading class org/gradle/internal/exceptions/LocationAwareException$1
Event: 377.275 loading class org/gradle/internal/exceptions/LocationAwareException$1 done
Event: 377.276 loading class org/codehaus/groovy/runtime/StackTraceUtils
Event: 377.276 loading class org/codehaus/groovy/runtime/StackTraceUtils done


Dynamic libraries:
0x00007ff7fe030000 - 0x00007ff7fe061000 	C:\Program Files\Android\Android Studio\jre\bin\java.exe
0x00007ffad33e0000 - 0x00007ffad35c1000 	C:\WINDOWS\SYSTEM32\ntdll.dll
0x00007ffad32f0000 - 0x00007ffad33a2000 	C:\WINDOWS\System32\KERNEL32.DLL
0x00007ffad05f0000 - 0x00007ffad0863000 	C:\WINDOWS\System32\KERNELBASE.dll
0x00007ffad1a70000 - 0x00007ffad1b11000 	C:\WINDOWS\System32\ADVAPI32.dll
0x00007ffad0940000 - 0x00007ffad09de000 	C:\WINDOWS\System32\msvcrt.dll
0x00007ffad0e20000 - 0x00007ffad0e7b000 	C:\WINDOWS\System32\sechost.dll
0x00007ffad1250000 - 0x00007ffad1374000 	C:\WINDOWS\System32\RPCRT4.dll
0x00007ffad09e0000 - 0x00007ffad0b70000 	C:\WINDOWS\System32\USER32.dll
0x00007ffacfd10000 - 0x00007ffacfd30000 	C:\WINDOWS\System32\win32u.dll
0x00007ffad1220000 - 0x00007ffad1248000 	C:\WINDOWS\System32\GDI32.dll
0x00007ffacf9a0000 - 0x00007ffacfb32000 	C:\WINDOWS\System32\gdi32full.dll
0x00007ffacfb40000 - 0x00007ffacfbdf000 	C:\WINDOWS\System32\msvcp_win.dll
0x00007ffad04f0000 - 0x00007ffad05ea000 	C:\WINDOWS\System32\ucrtbase.dll
0x00007ffac2fa0000 - 0x00007ffac3209000 	C:\WINDOWS\WinSxS\amd64_microsoft.windows.common-controls_6595b64144ccf1df_6.0.17134.345_none_fb429a5930656358\COMCTL32.dll
0x00007ffad0ef0000 - 0x00007ffad1213000 	C:\WINDOWS\System32\combase.dll
0x00007ffacfbe0000 - 0x00007ffacfc5a000 	C:\WINDOWS\System32\bcryptPrimitives.dll
0x00007ffad0870000 - 0x00007ffad089d000 	C:\WINDOWS\System32\IMM32.DLL
0x000000006f230000 - 0x000000006f302000 	C:\Program Files\Android\Android Studio\jre\jre\bin\msvcr100.dll
0x000000006f410000 - 0x000000006fc51000 	C:\Program Files\Android\Android Studio\jre\jre\bin\server\jvm.dll
0x00007ffad0c90000 - 0x00007ffad0c98000 	C:\WINDOWS\System32\PSAPI.DLL
0x00007ffac9bb0000 - 0x00007ffac9bb9000 	C:\WINDOWS\SYSTEM32\WSOCK32.dll
0x00007ffac29c0000 - 0x00007ffac29e3000 	C:\WINDOWS\SYSTEM32\WINMM.dll
0x00007ffacab60000 - 0x00007ffacab6a000 	C:\WINDOWS\SYSTEM32\VERSION.dll
0x00007ffad0b70000 - 0x00007ffad0bdc000 	C:\WINDOWS\System32\WS2_32.dll
0x00007ffac2990000 - 0x00007ffac29ba000 	C:\WINDOWS\SYSTEM32\WINMMBASE.dll
0x00007ffacfc60000 - 0x00007ffacfca9000 	C:\WINDOWS\System32\cfgmgr32.dll
0x00007ffacc2a0000 - 0x00007ffacc2af000 	C:\Program Files\Android\Android Studio\jre\jre\bin\verify.dll
0x00007ffac9eb0000 - 0x00007ffac9ed9000 	C:\Program Files\Android\Android Studio\jre\jre\bin\java.dll
0x00007ffacc280000 - 0x00007ffacc296000 	C:\Program Files\Android\Android Studio\jre\jre\bin\zip.dll
0x00007ffad1c80000 - 0x00007ffad30bf000 	C:\WINDOWS\System32\SHELL32.dll
0x00007ffad0be0000 - 0x00007ffad0c89000 	C:\WINDOWS\System32\shcore.dll
0x00007ffacfde0000 - 0x00007ffad04ed000 	C:\WINDOWS\System32\windows.storage.dll
0x00007ffad0e80000 - 0x00007ffad0ed1000 	C:\WINDOWS\System32\shlwapi.dll
0x00007ffacf770000 - 0x00007ffacf781000 	C:\WINDOWS\System32\kernel.appcore.dll
0x00007ffacf790000 - 0x00007ffacf7af000 	C:\WINDOWS\System32\profapi.dll
0x00007ffacf720000 - 0x00007ffacf76c000 	C:\WINDOWS\System32\powrprof.dll
0x00007ffacf710000 - 0x00007ffacf71a000 	C:\WINDOWS\System32\FLTLIB.DLL
0x00007ffac9030000 - 0x00007ffac904a000 	C:\Program Files\Android\Android Studio\jre\jre\bin\net.dll
0x00007ffacef70000 - 0x00007ffacefd6000 	C:\WINDOWS\system32\mswsock.dll
0x00007ffac8fb0000 - 0x00007ffac8fc1000 	C:\Program Files\Android\Android Studio\jre\jre\bin\nio.dll
0x00007ffac6910000 - 0x00007ffac692e000 	C:\Users\Yosafat C Saputra\.gradle\native\25\windows-amd64\native-platform.dll
0x00007ffacb720000 - 0x00007ffacb72d000 	C:\Program Files\Android\Android Studio\jre\jre\bin\management.dll
0x00007ffacf120000 - 0x00007ffacf137000 	C:\WINDOWS\SYSTEM32\CRYPTSP.dll
0x00007ffaceb50000 - 0x00007ffaceb83000 	C:\WINDOWS\system32\rsaenh.dll
0x00007ffacf250000 - 0x00007ffacf275000 	C:\WINDOWS\SYSTEM32\bcrypt.dll
0x00007ffacf5f0000 - 0x00007ffacf618000 	C:\WINDOWS\SYSTEM32\USERENV.dll
0x00007ffacf140000 - 0x00007ffacf14b000 	C:\WINDOWS\SYSTEM32\CRYPTBASE.dll
0x00007ffacecf0000 - 0x00007ffaced28000 	C:\WINDOWS\SYSTEM32\IPHLPAPI.DLL
0x00007ffad1b20000 - 0x00007ffad1b28000 	C:\WINDOWS\System32\NSI.dll
0x00007ffaca440000 - 0x00007ffaca456000 	C:\WINDOWS\SYSTEM32\dhcpcsvc6.DLL
0x00007ffaca740000 - 0x00007ffaca75a000 	C:\WINDOWS\SYSTEM32\dhcpcsvc.DLL
0x00007ffabe2b0000 - 0x00007ffabe2ce000 	C:\Users\Yosafat C Saputra\AppData\Local\Temp\native-platform1871969720198639892dir\native-platform.dll

VM Arguments:
jvm_args: -Xmx1536m -Dfile.encoding=windows-1252 -Duser.country=US -Duser.language=en -Duser.variant 
java_command: org.gradle.launcher.daemon.bootstrap.GradleDaemon 4.6
java_class_path (initial): C:\Users\Yosafat C Saputra\.gradle\wrapper\dists\gradle-4.6-all\bcst21l2brirad8k2ben1letg\gradle-4.6\lib\gradle-launcher-4.6.jar
Launcher Type: SUN_STANDARD

Environment Variables:
PATH=C:\Program Files (x86)\Common Files\Oracle\Java\javapath;C:\Windows\system32;C:\Windows;C:\Windows\System32\Wbem;C:\Windows\System32\WindowsPowerShell\v1.0\;C:\Program Files (x86)\NVIDIA Corporation\PhysX\Common;C:\WINDOWS\system32;C:\WINDOWS;C:\WINDOWS\System32\Wbem;C:\WINDOWS\System32\WindowsPowerShell\v1.0\;C:\WINDOWS\System32\OpenSSH\;C:\Users\Yosafat C Saputra\AppData\Local\Microsoft\WindowsApps;;D:\SSH
USERNAME=Yosafat C Saputra
OS=Windows_NT
PROCESSOR_IDENTIFIER=Intel64 Family 6 Model 158 Stepping 10, GenuineIntel



---------------  S Y S T E M  ---------------

OS: Windows 10.0 , 64 bit Build 17134 (10.0.17134.1)

CPU:total 6 (initial active 6) (6 cores per cpu, 1 threads per core) family 6 model 158 stepping 10, cmov, cx8, fxsr, mmx, sse, sse2, sse3, ssse3, sse4.1, sse4.2, popcnt, avx, avx2, aes, clmul, erms, rtm, 3dnowpref, lzcnt, tsc, tscinvbit, bmi1, bmi2, adx

Memory: 4k page, physical 8319548k(403408k free), swap 33485372k(4096k free)

vm_info: OpenJDK 64-Bit Server VM (25.152-b06) for windows-amd64 JRE (1.8.0_152-release-1136-b06), built by "builder" with MS VC++ 10.0 (VS2010)

time: Wed Oct 24 23:27:58 2018
elapsed time: 377 seconds (0d 0h 6m 17s)

